::1 - - [Sat, 27 Jan 2018 08:34:41 GMT] "GET / HTTP/1.1" 304 - "-" "Mozilla/5.0 (Windows NT 10.0; Win64; x64) AppleWebKit/537.36 (KHTML, like Gecko) Chrome/63.0.3239.132 Safari/537.36"
::1 - - [Sat, 27 Jan 2018 08:34:42 GMT] "GET /favicon.ico HTTP/1.1" 400 439 "http://localhost:3000/" "Mozilla/5.0 (Windows NT 10.0; Win64; x64) AppleWebKit/537.36 (KHTML, like Gecko) Chrome/63.0.3239.132 Safari/537.36"
::1 - - [Sat, 27 Jan 2018 10:47:41 GMT] "GET /cart/checkout HTTP/1.1" 200 1338 "-" "Mozilla/5.0 (Windows NT 10.0; Win64; x64) AppleWebKit/537.36 (KHTML, like Gecko) Chrome/63.0.3239.132 Safari/537.36"
::1 - - [Sat, 27 Jan 2018 10:47:42 GMT] "GET /favicon.ico HTTP/1.1" 400 439 "http://localhost:3000/cart/checkout" "Mozilla/5.0 (Windows NT 10.0; Win64; x64) AppleWebKit/537.36 (KHTML, like Gecko) Chrome/63.0.3239.132 Safari/537.36"
::1 - - [Sat, 27 Jan 2018 10:47:57 GMT] "POST /cart/checkout HTTP/1.1" 200 609 "http://localhost:3000/cart/checkout" "Mozilla/5.0 (Windows NT 10.0; Win64; x64) AppleWebKit/537.36 (KHTML, like Gecko) Chrome/63.0.3239.132 Safari/537.36"
::1 - - [Sat, 27 Jan 2018 10:47:57 GMT] "GET /favicon.ico HTTP/1.1" 400 439 "http://localhost:3000/cart/checkout" "Mozilla/5.0 (Windows NT 10.0; Win64; x64) AppleWebKit/537.36 (KHTML, like Gecko) Chrome/63.0.3239.132 Safari/537.36"
::1 - - [Sat, 27 Jan 2018 10:49:07 GMT] "GET /cart/checkout HTTP/1.1" 200 1338 "-" "Mozilla/5.0 (Windows NT 10.0; Win64; x64) AppleWebKit/537.36 (KHTML, like Gecko) Chrome/63.0.3239.132 Safari/537.36"
::1 - - [Sat, 27 Jan 2018 10:49:07 GMT] "GET /favicon.ico HTTP/1.1" 400 439 "http://localhost:3000/cart/checkout" "Mozilla/5.0 (Windows NT 10.0; Win64; x64) AppleWebKit/537.36 (KHTML, like Gecko) Chrome/63.0.3239.132 Safari/537.36"
::1 - - [Sat, 27 Jan 2018 10:49:10 GMT] "POST /cart/checkout HTTP/1.1" 200 609 "http://localhost:3000/cart/checkout" "Mozilla/5.0 (Windows NT 10.0; Win64; x64) AppleWebKit/537.36 (KHTML, like Gecko) Chrome/63.0.3239.132 Safari/537.36"
::1 - - [Sat, 27 Jan 2018 10:49:10 GMT] "GET /favicon.ico HTTP/1.1" 400 439 "http://localhost:3000/cart/checkout" "Mozilla/5.0 (Windows NT 10.0; Win64; x64) AppleWebKit/537.36 (KHTML, like Gecko) Chrome/63.0.3239.132 Safari/537.36"
::1 - - [Sun, 28 Jan 2018 15:03:52 GMT] "GET /cart/checkout HTTP/1.1" 400 439 "-" "Mozilla/5.0 (Windows NT 10.0; Win64; x64) AppleWebKit/537.36 (KHTML, like Gecko) Chrome/63.0.3239.132 Safari/537.36"
::1 - - [Sun, 28 Jan 2018 15:03:53 GMT] "GET /favicon.ico HTTP/1.1" 400 439 "http://localhost:3000/cart/checkout" "Mozilla/5.0 (Windows NT 10.0; Win64; x64) AppleWebKit/537.36 (KHTML, like Gecko) Chrome/63.0.3239.132 Safari/537.36"
::1 - - [Sun, 28 Jan 2018 15:04:43 GMT] "GET /contest/vacation-photo HTTP/1.1" 200 1479 "-" "Mozilla/5.0 (Windows NT 10.0; Win64; x64) AppleWebKit/537.36 (KHTML, like Gecko) Chrome/63.0.3239.132 Safari/537.36"
::1 - - [Sun, 28 Jan 2018 15:04:43 GMT] "GET /favicon.ico HTTP/1.1" 400 439 "http://localhost:3000/contest/vacation-photo" "Mozilla/5.0 (Windows NT 10.0; Win64; x64) AppleWebKit/537.36 (KHTML, like Gecko) Chrome/63.0.3239.132 Safari/537.36"
::1 - - [Sun, 28 Jan 2018 15:13:20 GMT] "GET /contest/vacation-photo/%7Byear%7D/%7Bmonth%7D HTTP/1.1" 400 439 "-" "Mozilla/5.0 (Windows NT 10.0; Win64; x64) AppleWebKit/537.36 (KHTML, like Gecko) Chrome/63.0.3239.132 Safari/537.36"
::1 - - [Sun, 28 Jan 2018 15:13:21 GMT] "GET /favicon.ico HTTP/1.1" 400 439 "http://localhost:3000/contest/vacation-photo/%7Byear%7D/%7Bmonth%7D" "Mozilla/5.0 (Windows NT 10.0; Win64; x64) AppleWebKit/537.36 (KHTML, like Gecko) Chrome/63.0.3239.132 Safari/537.36"
::1 - - [Sun, 28 Jan 2018 15:13:26 GMT] "GET /contest/vacation-photo/ HTTP/1.1" 200 1479 "-" "Mozilla/5.0 (Windows NT 10.0; Win64; x64) AppleWebKit/537.36 (KHTML, like Gecko) Chrome/63.0.3239.132 Safari/537.36"
::1 - - [Sun, 28 Jan 2018 15:13:26 GMT] "GET /favicon.ico HTTP/1.1" 400 439 "http://localhost:3000/contest/vacation-photo/" "Mozilla/5.0 (Windows NT 10.0; Win64; x64) AppleWebKit/537.36 (KHTML, like Gecko) Chrome/63.0.3239.132 Safari/537.36"
::1 - - [Sun, 28 Jan 2018 15:28:11 GMT] "GET /contest/vacation-photo/ HTTP/1.1" 304 - "-" "Mozilla/5.0 (Windows NT 10.0; Win64; x64) AppleWebKit/537.36 (KHTML, like Gecko) Chrome/63.0.3239.132 Safari/537.36"
::1 - - [Sun, 28 Jan 2018 15:28:12 GMT] "GET /favicon.ico HTTP/1.1" 400 439 "http://localhost:3000/contest/vacation-photo/" "Mozilla/5.0 (Windows NT 10.0; Win64; x64) AppleWebKit/537.36 (KHTML, like Gecko) Chrome/63.0.3239.132 Safari/537.36"
::1 - - [Sun, 28 Jan 2018 15:28:27 GMT] "POST /contest/vacation-photo/%7Byear%7D/%7Bmonth%7D HTTP/1.1" 303 110 "http://localhost:3000/contest/vacation-photo/" "Mozilla/5.0 (Windows NT 10.0; Win64; x64) AppleWebKit/537.36 (KHTML, like Gecko) Chrome/63.0.3239.132 Safari/537.36"
::1 - - [Sun, 28 Jan 2018 15:28:27 GMT] "GET /contest/vacation-photo/entries HTTP/1.1" 200 745 "http://localhost:3000/contest/vacation-photo/" "Mozilla/5.0 (Windows NT 10.0; Win64; x64) AppleWebKit/537.36 (KHTML, like Gecko) Chrome/63.0.3239.132 Safari/537.36"
::1 - - [Sun, 28 Jan 2018 15:28:27 GMT] "GET /favicon.ico HTTP/1.1" 400 439 "http://localhost:3000/contest/vacation-photo/entries" "Mozilla/5.0 (Windows NT 10.0; Win64; x64) AppleWebKit/537.36 (KHTML, like Gecko) Chrome/63.0.3239.132 Safari/537.36"
::1 - - [Tue, 30 Jan 2018 13:28:28 GMT] "GET /vacations HTTP/1.1" 400 439 "-" "Mozilla/5.0 (Windows NT 10.0; Win64; x64) AppleWebKit/537.36 (KHTML, like Gecko) Chrome/63.0.3239.132 Safari/537.36"
::1 - - [Tue, 30 Jan 2018 13:28:28 GMT] "GET /vendor/bootstrap/css/bootstrap.min.css HTTP/1.1" 304 - "http://localhost:3000/vacations" "Mozilla/5.0 (Windows NT 10.0; Win64; x64) AppleWebKit/537.36 (KHTML, like Gecko) Chrome/63.0.3239.132 Safari/537.36"
::1 - - [Tue, 30 Jan 2018 13:28:28 GMT] "GET /images/logo.png HTTP/1.1" 304 - "http://localhost:3000/vacations" "Mozilla/5.0 (Windows NT 10.0; Win64; x64) AppleWebKit/537.36 (KHTML, like Gecko) Chrome/63.0.3239.132 Safari/537.36"
::1 - - [Tue, 30 Jan 2018 13:28:28 GMT] "GET /vendor/jquery.min.js HTTP/1.1" 304 - "http://localhost:3000/vacations" "Mozilla/5.0 (Windows NT 10.0; Win64; x64) AppleWebKit/537.36 (KHTML, like Gecko) Chrome/63.0.3239.132 Safari/537.36"
::1 - - [Tue, 30 Jan 2018 13:28:28 GMT] "GET /vendor/bootstrap/js/bootstrap.min.js HTTP/1.1" 304 - "http://localhost:3000/vacations" "Mozilla/5.0 (Windows NT 10.0; Win64; x64) AppleWebKit/537.36 (KHTML, like Gecko) Chrome/63.0.3239.132 Safari/537.36"
::1 - - [Tue, 30 Jan 2018 13:28:28 GMT] "GET /favicon.ico HTTP/1.1" 400 439 "http://localhost:3000/vacations" "Mozilla/5.0 (Windows NT 10.0; Win64; x64) AppleWebKit/537.36 (KHTML, like Gecko) Chrome/63.0.3239.132 Safari/537.36"
::1 - - [Tue, 30 Jan 2018 13:29:20 GMT] "GET /vacations HTTP/1.1" 200 1992 "-" "Mozilla/5.0 (Windows NT 10.0; Win64; x64) AppleWebKit/537.36 (KHTML, like Gecko) Chrome/63.0.3239.132 Safari/537.36"
::1 - - [Tue, 30 Jan 2018 13:29:20 GMT] "GET /vendor/bootstrap/css/bootstrap.min.css HTTP/1.1" 304 - "http://localhost:3000/vacations" "Mozilla/5.0 (Windows NT 10.0; Win64; x64) AppleWebKit/537.36 (KHTML, like Gecko) Chrome/63.0.3239.132 Safari/537.36"
::1 - - [Tue, 30 Jan 2018 13:29:20 GMT] "GET /images/logo.png HTTP/1.1" 304 - "http://localhost:3000/vacations" "Mozilla/5.0 (Windows NT 10.0; Win64; x64) AppleWebKit/537.36 (KHTML, like Gecko) Chrome/63.0.3239.132 Safari/537.36"
::1 - - [Tue, 30 Jan 2018 13:29:20 GMT] "GET /vendor/jquery.min.js HTTP/1.1" 304 - "http://localhost:3000/vacations" "Mozilla/5.0 (Windows NT 10.0; Win64; x64) AppleWebKit/537.36 (KHTML, like Gecko) Chrome/63.0.3239.132 Safari/537.36"
::1 - - [Tue, 30 Jan 2018 13:29:20 GMT] "GET /vendor/bootstrap/js/bootstrap.min.js HTTP/1.1" 304 - "http://localhost:3000/vacations" "Mozilla/5.0 (Windows NT 10.0; Win64; x64) AppleWebKit/537.36 (KHTML, like Gecko) Chrome/63.0.3239.132 Safari/537.36"
::1 - - [Tue, 30 Jan 2018 13:29:20 GMT] "GET /favicon.ico HTTP/1.1" 400 439 "http://localhost:3000/vacations" "Mozilla/5.0 (Windows NT 10.0; Win64; x64) AppleWebKit/537.36 (KHTML, like Gecko) Chrome/63.0.3239.132 Safari/537.36"
::1 - - [Tue, 30 Jan 2018 13:29:26 GMT] "GET /cart/add?sku=HR199 HTTP/1.1" 400 439 "http://localhost:3000/vacations" "Mozilla/5.0 (Windows NT 10.0; Win64; x64) AppleWebKit/537.36 (KHTML, like Gecko) Chrome/63.0.3239.132 Safari/537.36"
::1 - - [Tue, 30 Jan 2018 13:29:26 GMT] "GET /vendor/bootstrap/css/bootstrap.min.css HTTP/1.1" 304 - "http://localhost:3000/cart/add?sku=HR199" "Mozilla/5.0 (Windows NT 10.0; Win64; x64) AppleWebKit/537.36 (KHTML, like Gecko) Chrome/63.0.3239.132 Safari/537.36"
::1 - - [Tue, 30 Jan 2018 13:29:26 GMT] "GET /images/logo.png HTTP/1.1" 304 - "http://localhost:3000/cart/add?sku=HR199" "Mozilla/5.0 (Windows NT 10.0; Win64; x64) AppleWebKit/537.36 (KHTML, like Gecko) Chrome/63.0.3239.132 Safari/537.36"
::1 - - [Tue, 30 Jan 2018 13:29:26 GMT] "GET /vendor/jquery.min.js HTTP/1.1" 304 - "http://localhost:3000/cart/add?sku=HR199" "Mozilla/5.0 (Windows NT 10.0; Win64; x64) AppleWebKit/537.36 (KHTML, like Gecko) Chrome/63.0.3239.132 Safari/537.36"
::1 - - [Tue, 30 Jan 2018 13:29:26 GMT] "GET /vendor/bootstrap/js/bootstrap.min.js HTTP/1.1" 304 - "http://localhost:3000/cart/add?sku=HR199" "Mozilla/5.0 (Windows NT 10.0; Win64; x64) AppleWebKit/537.36 (KHTML, like Gecko) Chrome/63.0.3239.132 Safari/537.36"
::1 - - [Tue, 30 Jan 2018 13:29:26 GMT] "GET /favicon.ico HTTP/1.1" 400 439 "http://localhost:3000/cart/add?sku=HR199" "Mozilla/5.0 (Windows NT 10.0; Win64; x64) AppleWebKit/537.36 (KHTML, like Gecko) Chrome/63.0.3239.132 Safari/537.36"
::1 - - [Tue, 30 Jan 2018 13:29:29 GMT] "GET /favicon.ico HTTP/1.1" 400 439 "http://localhost:3000/vacations" "Mozilla/5.0 (Windows NT 10.0; Win64; x64) AppleWebKit/537.36 (KHTML, like Gecko) Chrome/63.0.3239.132 Safari/537.36"
::1 - - [Tue, 30 Jan 2018 13:29:44 GMT] "GET /notify-me-when-in-season?sku=OC39 HTTP/1.1" 400 439 "http://localhost:3000/vacations" "Mozilla/5.0 (Windows NT 10.0; Win64; x64) AppleWebKit/537.36 (KHTML, like Gecko) Chrome/63.0.3239.132 Safari/537.36"
::1 - - [Tue, 30 Jan 2018 13:29:44 GMT] "GET /vendor/bootstrap/css/bootstrap.min.css HTTP/1.1" 304 - "http://localhost:3000/notify-me-when-in-season?sku=OC39" "Mozilla/5.0 (Windows NT 10.0; Win64; x64) AppleWebKit/537.36 (KHTML, like Gecko) Chrome/63.0.3239.132 Safari/537.36"
::1 - - [Tue, 30 Jan 2018 13:29:44 GMT] "GET /images/logo.png HTTP/1.1" 304 - "http://localhost:3000/notify-me-when-in-season?sku=OC39" "Mozilla/5.0 (Windows NT 10.0; Win64; x64) AppleWebKit/537.36 (KHTML, like Gecko) Chrome/63.0.3239.132 Safari/537.36"
::1 - - [Tue, 30 Jan 2018 13:29:44 GMT] "GET /vendor/jquery.min.js HTTP/1.1" 304 - "http://localhost:3000/notify-me-when-in-season?sku=OC39" "Mozilla/5.0 (Windows NT 10.0; Win64; x64) AppleWebKit/537.36 (KHTML, like Gecko) Chrome/63.0.3239.132 Safari/537.36"
::1 - - [Tue, 30 Jan 2018 13:29:45 GMT] "GET /vendor/bootstrap/js/bootstrap.min.js HTTP/1.1" 304 - "http://localhost:3000/notify-me-when-in-season?sku=OC39" "Mozilla/5.0 (Windows NT 10.0; Win64; x64) AppleWebKit/537.36 (KHTML, like Gecko) Chrome/63.0.3239.132 Safari/537.36"
::1 - - [Tue, 30 Jan 2018 13:29:45 GMT] "GET /favicon.ico HTTP/1.1" 400 439 "http://localhost:3000/notify-me-when-in-season?sku=OC39" "Mozilla/5.0 (Windows NT 10.0; Win64; x64) AppleWebKit/537.36 (KHTML, like Gecko) Chrome/63.0.3239.132 Safari/537.36"
::1 - - [Tue, 30 Jan 2018 13:29:47 GMT] "GET /favicon.ico HTTP/1.1" 400 439 "http://localhost:3000/vacations" "Mozilla/5.0 (Windows NT 10.0; Win64; x64) AppleWebKit/537.36 (KHTML, like Gecko) Chrome/63.0.3239.132 Safari/537.36"
::1 - - [Tue, 30 Jan 2018 14:05:52 GMT] "GET /vacations HTTP/1.1" 304 - "-" "Mozilla/5.0 (Windows NT 10.0; Win64; x64) AppleWebKit/537.36 (KHTML, like Gecko) Chrome/63.0.3239.132 Safari/537.36"
::1 - - [Tue, 30 Jan 2018 14:05:52 GMT] "GET /vendor/bootstrap/css/bootstrap.min.css HTTP/1.1" 304 - "http://localhost:3000/vacations" "Mozilla/5.0 (Windows NT 10.0; Win64; x64) AppleWebKit/537.36 (KHTML, like Gecko) Chrome/63.0.3239.132 Safari/537.36"
::1 - - [Tue, 30 Jan 2018 14:05:52 GMT] "GET /images/logo.png HTTP/1.1" 304 - "http://localhost:3000/vacations" "Mozilla/5.0 (Windows NT 10.0; Win64; x64) AppleWebKit/537.36 (KHTML, like Gecko) Chrome/63.0.3239.132 Safari/537.36"
::1 - - [Tue, 30 Jan 2018 14:05:52 GMT] "GET /vendor/jquery.min.js HTTP/1.1" 304 - "http://localhost:3000/vacations" "Mozilla/5.0 (Windows NT 10.0; Win64; x64) AppleWebKit/537.36 (KHTML, like Gecko) Chrome/63.0.3239.132 Safari/537.36"
::1 - - [Tue, 30 Jan 2018 14:05:52 GMT] "GET /vendor/bootstrap/js/bootstrap.min.js HTTP/1.1" 304 - "http://localhost:3000/vacations" "Mozilla/5.0 (Windows NT 10.0; Win64; x64) AppleWebKit/537.36 (KHTML, like Gecko) Chrome/63.0.3239.132 Safari/537.36"
::1 - - [Tue, 30 Jan 2018 14:05:53 GMT] "GET /favicon.ico HTTP/1.1" 400 439 "http://localhost:3000/vacations" "Mozilla/5.0 (Windows NT 10.0; Win64; x64) AppleWebKit/537.36 (KHTML, like Gecko) Chrome/63.0.3239.132 Safari/537.36"
::1 - - [Tue, 30 Jan 2018 14:05:55 GMT] "GET /cart/add?sku=HR199 HTTP/1.1" 400 439 "http://localhost:3000/vacations" "Mozilla/5.0 (Windows NT 10.0; Win64; x64) AppleWebKit/537.36 (KHTML, like Gecko) Chrome/63.0.3239.132 Safari/537.36"
::1 - - [Tue, 30 Jan 2018 14:05:55 GMT] "GET /vendor/bootstrap/css/bootstrap.min.css HTTP/1.1" 304 - "http://localhost:3000/cart/add?sku=HR199" "Mozilla/5.0 (Windows NT 10.0; Win64; x64) AppleWebKit/537.36 (KHTML, like Gecko) Chrome/63.0.3239.132 Safari/537.36"
::1 - - [Tue, 30 Jan 2018 14:05:55 GMT] "GET /images/logo.png HTTP/1.1" 304 - "http://localhost:3000/cart/add?sku=HR199" "Mozilla/5.0 (Windows NT 10.0; Win64; x64) AppleWebKit/537.36 (KHTML, like Gecko) Chrome/63.0.3239.132 Safari/537.36"
::1 - - [Tue, 30 Jan 2018 14:05:55 GMT] "GET /vendor/jquery.min.js HTTP/1.1" 304 - "http://localhost:3000/cart/add?sku=HR199" "Mozilla/5.0 (Windows NT 10.0; Win64; x64) AppleWebKit/537.36 (KHTML, like Gecko) Chrome/63.0.3239.132 Safari/537.36"
::1 - - [Tue, 30 Jan 2018 14:05:55 GMT] "GET /vendor/bootstrap/js/bootstrap.min.js HTTP/1.1" 304 - "http://localhost:3000/cart/add?sku=HR199" "Mozilla/5.0 (Windows NT 10.0; Win64; x64) AppleWebKit/537.36 (KHTML, like Gecko) Chrome/63.0.3239.132 Safari/537.36"
::1 - - [Tue, 30 Jan 2018 14:05:55 GMT] "GET /favicon.ico HTTP/1.1" 400 439 "http://localhost:3000/cart/add?sku=HR199" "Mozilla/5.0 (Windows NT 10.0; Win64; x64) AppleWebKit/537.36 (KHTML, like Gecko) Chrome/63.0.3239.132 Safari/537.36"
::1 - - [Tue, 30 Jan 2018 14:05:57 GMT] "GET /favicon.ico HTTP/1.1" 400 439 "http://localhost:3000/vacations" "Mozilla/5.0 (Windows NT 10.0; Win64; x64) AppleWebKit/537.36 (KHTML, like Gecko) Chrome/63.0.3239.132 Safari/537.36"
::1 - - [Tue, 30 Jan 2018 14:05:59 GMT] "GET /notify-me-when-in-season?sku=OC39 HTTP/1.1" 200 1046 "http://localhost:3000/vacations" "Mozilla/5.0 (Windows NT 10.0; Win64; x64) AppleWebKit/537.36 (KHTML, like Gecko) Chrome/63.0.3239.132 Safari/537.36"
::1 - - [Tue, 30 Jan 2018 14:05:59 GMT] "GET /vendor/bootstrap/css/bootstrap.min.css HTTP/1.1" 304 - "http://localhost:3000/notify-me-when-in-season?sku=OC39" "Mozilla/5.0 (Windows NT 10.0; Win64; x64) AppleWebKit/537.36 (KHTML, like Gecko) Chrome/63.0.3239.132 Safari/537.36"
::1 - - [Tue, 30 Jan 2018 14:05:59 GMT] "GET /images/logo.png HTTP/1.1" 304 - "http://localhost:3000/notify-me-when-in-season?sku=OC39" "Mozilla/5.0 (Windows NT 10.0; Win64; x64) AppleWebKit/537.36 (KHTML, like Gecko) Chrome/63.0.3239.132 Safari/537.36"
::1 - - [Tue, 30 Jan 2018 14:05:59 GMT] "GET /vendor/jquery.min.js HTTP/1.1" 304 - "http://localhost:3000/notify-me-when-in-season?sku=OC39" "Mozilla/5.0 (Windows NT 10.0; Win64; x64) AppleWebKit/537.36 (KHTML, like Gecko) Chrome/63.0.3239.132 Safari/537.36"
::1 - - [Tue, 30 Jan 2018 14:05:59 GMT] "GET /vendor/bootstrap/js/bootstrap.min.js HTTP/1.1" 304 - "http://localhost:3000/notify-me-when-in-season?sku=OC39" "Mozilla/5.0 (Windows NT 10.0; Win64; x64) AppleWebKit/537.36 (KHTML, like Gecko) Chrome/63.0.3239.132 Safari/537.36"
::1 - - [Tue, 30 Jan 2018 14:05:59 GMT] "GET /favicon.ico HTTP/1.1" 400 439 "http://localhost:3000/notify-me-when-in-season?sku=OC39" "Mozilla/5.0 (Windows NT 10.0; Win64; x64) AppleWebKit/537.36 (KHTML, like Gecko) Chrome/63.0.3239.132 Safari/537.36"
::1 - - [Tue, 30 Jan 2018 14:06:06 GMT] "POST /notify-me-when-in-season HTTP/1.1" 303 68 "http://localhost:3000/notify-me-when-in-season?sku=OC39" "Mozilla/5.0 (Windows NT 10.0; Win64; x64) AppleWebKit/537.36 (KHTML, like Gecko) Chrome/63.0.3239.132 Safari/537.36"
::1 - - [Tue, 30 Jan 2018 14:06:06 GMT] "GET /vacations HTTP/1.1" 200 2264 "http://localhost:3000/notify-me-when-in-season?sku=OC39" "Mozilla/5.0 (Windows NT 10.0; Win64; x64) AppleWebKit/537.36 (KHTML, like Gecko) Chrome/63.0.3239.132 Safari/537.36"
::1 - - [Tue, 30 Jan 2018 14:06:06 GMT] "GET /vendor/bootstrap/css/bootstrap.min.css HTTP/1.1" 304 - "http://localhost:3000/vacations" "Mozilla/5.0 (Windows NT 10.0; Win64; x64) AppleWebKit/537.36 (KHTML, like Gecko) Chrome/63.0.3239.132 Safari/537.36"
::1 - - [Tue, 30 Jan 2018 14:06:06 GMT] "GET /images/logo.png HTTP/1.1" 304 - "http://localhost:3000/vacations" "Mozilla/5.0 (Windows NT 10.0; Win64; x64) AppleWebKit/537.36 (KHTML, like Gecko) Chrome/63.0.3239.132 Safari/537.36"
::1 - - [Tue, 30 Jan 2018 14:06:06 GMT] "GET /vendor/jquery.min.js HTTP/1.1" 304 - "http://localhost:3000/vacations" "Mozilla/5.0 (Windows NT 10.0; Win64; x64) AppleWebKit/537.36 (KHTML, like Gecko) Chrome/63.0.3239.132 Safari/537.36"
::1 - - [Tue, 30 Jan 2018 14:06:06 GMT] "GET /vendor/bootstrap/js/bootstrap.min.js HTTP/1.1" 304 - "http://localhost:3000/vacations" "Mozilla/5.0 (Windows NT 10.0; Win64; x64) AppleWebKit/537.36 (KHTML, like Gecko) Chrome/63.0.3239.132 Safari/537.36"
::1 - - [Tue, 30 Jan 2018 14:06:07 GMT] "GET /favicon.ico HTTP/1.1" 400 439 "http://localhost:3000/vacations" "Mozilla/5.0 (Windows NT 10.0; Win64; x64) AppleWebKit/537.36 (KHTML, like Gecko) Chrome/63.0.3239.132 Safari/537.36"
::1 - - [Tue, 30 Jan 2018 14:38:07 GMT] "GET /vacations HTTP/1.1" 200 2225 "http://localhost:3000/notify-me-when-in-season?sku=OC39" "Mozilla/5.0 (Windows NT 10.0; Win64; x64) AppleWebKit/537.36 (KHTML, like Gecko) Chrome/63.0.3239.132 Safari/537.36"
::1 - - [Tue, 30 Jan 2018 14:38:07 GMT] "GET /vendor/bootstrap/css/bootstrap.min.css HTTP/1.1" 304 - "http://localhost:3000/vacations" "Mozilla/5.0 (Windows NT 10.0; Win64; x64) AppleWebKit/537.36 (KHTML, like Gecko) Chrome/63.0.3239.132 Safari/537.36"
::1 - - [Tue, 30 Jan 2018 14:38:07 GMT] "GET /vendor/jquery.min.js HTTP/1.1" 304 - "http://localhost:3000/vacations" "Mozilla/5.0 (Windows NT 10.0; Win64; x64) AppleWebKit/537.36 (KHTML, like Gecko) Chrome/63.0.3239.132 Safari/537.36"
::1 - - [Tue, 30 Jan 2018 14:38:07 GMT] "GET /css/main.css HTTP/1.1" 200 112 "http://localhost:3000/vacations" "Mozilla/5.0 (Windows NT 10.0; Win64; x64) AppleWebKit/537.36 (KHTML, like Gecko) Chrome/63.0.3239.132 Safari/537.36"
::1 - - [Tue, 30 Jan 2018 14:38:07 GMT] "GET /vendor/bootstrap/js/bootstrap.min.js HTTP/1.1" 304 - "http://localhost:3000/vacations" "Mozilla/5.0 (Windows NT 10.0; Win64; x64) AppleWebKit/537.36 (KHTML, like Gecko) Chrome/63.0.3239.132 Safari/537.36"
::1 - - [Tue, 30 Jan 2018 14:38:07 GMT] "GET /images/logo.png HTTP/1.1" 304 - "http://localhost:3000/vacations" "Mozilla/5.0 (Windows NT 10.0; Win64; x64) AppleWebKit/537.36 (KHTML, like Gecko) Chrome/63.0.3239.132 Safari/537.36"
::1 - - [Tue, 30 Jan 2018 14:38:08 GMT] "GET /favicon.ico HTTP/1.1" 400 490 "http://localhost:3000/vacations" "Mozilla/5.0 (Windows NT 10.0; Win64; x64) AppleWebKit/537.36 (KHTML, like Gecko) Chrome/63.0.3239.132 Safari/537.36"
::1 - - [Tue, 30 Jan 2018 14:38:11 GMT] "GET /set-currency/BTC HTTP/1.1" 400 490 "http://localhost:3000/vacations" "Mozilla/5.0 (Windows NT 10.0; Win64; x64) AppleWebKit/537.36 (KHTML, like Gecko) Chrome/63.0.3239.132 Safari/537.36"
::1 - - [Tue, 30 Jan 2018 14:38:11 GMT] "GET /vendor/bootstrap/css/bootstrap.min.css HTTP/1.1" 304 - "http://localhost:3000/set-currency/BTC" "Mozilla/5.0 (Windows NT 10.0; Win64; x64) AppleWebKit/537.36 (KHTML, like Gecko) Chrome/63.0.3239.132 Safari/537.36"
::1 - - [Tue, 30 Jan 2018 14:38:11 GMT] "GET /css/main.css HTTP/1.1" 304 - "http://localhost:3000/set-currency/BTC" "Mozilla/5.0 (Windows NT 10.0; Win64; x64) AppleWebKit/537.36 (KHTML, like Gecko) Chrome/63.0.3239.132 Safari/537.36"
::1 - - [Tue, 30 Jan 2018 14:38:11 GMT] "GET /vendor/jquery.min.js HTTP/1.1" 304 - "http://localhost:3000/set-currency/BTC" "Mozilla/5.0 (Windows NT 10.0; Win64; x64) AppleWebKit/537.36 (KHTML, like Gecko) Chrome/63.0.3239.132 Safari/537.36"
::1 - - [Tue, 30 Jan 2018 14:38:11 GMT] "GET /vendor/bootstrap/js/bootstrap.min.js HTTP/1.1" 304 - "http://localhost:3000/set-currency/BTC" "Mozilla/5.0 (Windows NT 10.0; Win64; x64) AppleWebKit/537.36 (KHTML, like Gecko) Chrome/63.0.3239.132 Safari/537.36"
::1 - - [Tue, 30 Jan 2018 14:38:11 GMT] "GET /images/logo.png HTTP/1.1" 304 - "http://localhost:3000/set-currency/BTC" "Mozilla/5.0 (Windows NT 10.0; Win64; x64) AppleWebKit/537.36 (KHTML, like Gecko) Chrome/63.0.3239.132 Safari/537.36"
::1 - - [Tue, 30 Jan 2018 14:38:11 GMT] "GET /favicon.ico HTTP/1.1" 400 490 "http://localhost:3000/set-currency/BTC" "Mozilla/5.0 (Windows NT 10.0; Win64; x64) AppleWebKit/537.36 (KHTML, like Gecko) Chrome/63.0.3239.132 Safari/537.36"
::1 - - [Tue, 30 Jan 2018 14:38:14 GMT] "GET /favicon.ico HTTP/1.1" 400 490 "http://localhost:3000/vacations" "Mozilla/5.0 (Windows NT 10.0; Win64; x64) AppleWebKit/537.36 (KHTML, like Gecko) Chrome/63.0.3239.132 Safari/537.36"
::1 - - [Tue, 30 Jan 2018 15:04:13 GMT] "GET /vacations HTTP/1.1" 200 2230 "http://localhost:3000/notify-me-when-in-season?sku=OC39" "Mozilla/5.0 (Windows NT 10.0; Win64; x64) AppleWebKit/537.36 (KHTML, like Gecko) Chrome/63.0.3239.132 Safari/537.36"
::1 - - [Tue, 30 Jan 2018 15:04:13 GMT] "GET /vendor/bootstrap/css/bootstrap.min.css HTTP/1.1" 304 - "http://localhost:3000/vacations" "Mozilla/5.0 (Windows NT 10.0; Win64; x64) AppleWebKit/537.36 (KHTML, like Gecko) Chrome/63.0.3239.132 Safari/537.36"
::1 - - [Tue, 30 Jan 2018 15:04:13 GMT] "GET /css/main.css HTTP/1.1" 304 - "http://localhost:3000/vacations" "Mozilla/5.0 (Windows NT 10.0; Win64; x64) AppleWebKit/537.36 (KHTML, like Gecko) Chrome/63.0.3239.132 Safari/537.36"
::1 - - [Tue, 30 Jan 2018 15:04:13 GMT] "GET /vendor/jquery.min.js HTTP/1.1" 304 - "http://localhost:3000/vacations" "Mozilla/5.0 (Windows NT 10.0; Win64; x64) AppleWebKit/537.36 (KHTML, like Gecko) Chrome/63.0.3239.132 Safari/537.36"
::1 - - [Tue, 30 Jan 2018 15:04:13 GMT] "GET /vendor/bootstrap/js/bootstrap.min.js HTTP/1.1" 304 - "http://localhost:3000/vacations" "Mozilla/5.0 (Windows NT 10.0; Win64; x64) AppleWebKit/537.36 (KHTML, like Gecko) Chrome/63.0.3239.132 Safari/537.36"
::1 - - [Tue, 30 Jan 2018 15:04:13 GMT] "GET /images/logo.png HTTP/1.1" 304 - "http://localhost:3000/vacations" "Mozilla/5.0 (Windows NT 10.0; Win64; x64) AppleWebKit/537.36 (KHTML, like Gecko) Chrome/63.0.3239.132 Safari/537.36"
::1 - - [Tue, 30 Jan 2018 15:04:13 GMT] "GET /favicon.ico HTTP/1.1" 400 490 "http://localhost:3000/vacations" "Mozilla/5.0 (Windows NT 10.0; Win64; x64) AppleWebKit/537.36 (KHTML, like Gecko) Chrome/63.0.3239.132 Safari/537.36"
::1 - - [Tue, 30 Jan 2018 15:04:17 GMT] "GET /set-currency/GBP HTTP/1.1" 303 68 "http://localhost:3000/vacations" "Mozilla/5.0 (Windows NT 10.0; Win64; x64) AppleWebKit/537.36 (KHTML, like Gecko) Chrome/63.0.3239.132 Safari/537.36"
::1 - - [Tue, 30 Jan 2018 15:04:17 GMT] "GET /vacations HTTP/1.1" 200 2230 "http://localhost:3000/vacations" "Mozilla/5.0 (Windows NT 10.0; Win64; x64) AppleWebKit/537.36 (KHTML, like Gecko) Chrome/63.0.3239.132 Safari/537.36"
::1 - - [Tue, 30 Jan 2018 15:04:17 GMT] "GET /vendor/bootstrap/css/bootstrap.min.css HTTP/1.1" 304 - "http://localhost:3000/vacations" "Mozilla/5.0 (Windows NT 10.0; Win64; x64) AppleWebKit/537.36 (KHTML, like Gecko) Chrome/63.0.3239.132 Safari/537.36"
::1 - - [Tue, 30 Jan 2018 15:04:17 GMT] "GET /css/main.css HTTP/1.1" 304 - "http://localhost:3000/vacations" "Mozilla/5.0 (Windows NT 10.0; Win64; x64) AppleWebKit/537.36 (KHTML, like Gecko) Chrome/63.0.3239.132 Safari/537.36"
::1 - - [Tue, 30 Jan 2018 15:04:17 GMT] "GET /vendor/jquery.min.js HTTP/1.1" 304 - "http://localhost:3000/vacations" "Mozilla/5.0 (Windows NT 10.0; Win64; x64) AppleWebKit/537.36 (KHTML, like Gecko) Chrome/63.0.3239.132 Safari/537.36"
::1 - - [Tue, 30 Jan 2018 15:04:18 GMT] "GET /vendor/bootstrap/js/bootstrap.min.js HTTP/1.1" 304 - "http://localhost:3000/vacations" "Mozilla/5.0 (Windows NT 10.0; Win64; x64) AppleWebKit/537.36 (KHTML, like Gecko) Chrome/63.0.3239.132 Safari/537.36"
::1 - - [Tue, 30 Jan 2018 15:04:18 GMT] "GET /images/logo.png HTTP/1.1" 304 - "http://localhost:3000/vacations" "Mozilla/5.0 (Windows NT 10.0; Win64; x64) AppleWebKit/537.36 (KHTML, like Gecko) Chrome/63.0.3239.132 Safari/537.36"
::1 - - [Tue, 30 Jan 2018 15:04:18 GMT] "GET /favicon.ico HTTP/1.1" 400 490 "http://localhost:3000/vacations" "Mozilla/5.0 (Windows NT 10.0; Win64; x64) AppleWebKit/537.36 (KHTML, like Gecko) Chrome/63.0.3239.132 Safari/537.36"
::1 - - [Tue, 30 Jan 2018 15:04:19 GMT] "GET /set-currency/BTC HTTP/1.1" 303 68 "http://localhost:3000/vacations" "Mozilla/5.0 (Windows NT 10.0; Win64; x64) AppleWebKit/537.36 (KHTML, like Gecko) Chrome/63.0.3239.132 Safari/537.36"
::1 - - [Tue, 30 Jan 2018 15:04:19 GMT] "GET /vacations HTTP/1.1" 200 2272 "http://localhost:3000/vacations" "Mozilla/5.0 (Windows NT 10.0; Win64; x64) AppleWebKit/537.36 (KHTML, like Gecko) Chrome/63.0.3239.132 Safari/537.36"
::1 - - [Tue, 30 Jan 2018 15:04:19 GMT] "GET /vendor/bootstrap/css/bootstrap.min.css HTTP/1.1" 304 - "http://localhost:3000/vacations" "Mozilla/5.0 (Windows NT 10.0; Win64; x64) AppleWebKit/537.36 (KHTML, like Gecko) Chrome/63.0.3239.132 Safari/537.36"
::1 - - [Tue, 30 Jan 2018 15:04:19 GMT] "GET /css/main.css HTTP/1.1" 304 - "http://localhost:3000/vacations" "Mozilla/5.0 (Windows NT 10.0; Win64; x64) AppleWebKit/537.36 (KHTML, like Gecko) Chrome/63.0.3239.132 Safari/537.36"
::1 - - [Tue, 30 Jan 2018 15:04:19 GMT] "GET /vendor/jquery.min.js HTTP/1.1" 304 - "http://localhost:3000/vacations" "Mozilla/5.0 (Windows NT 10.0; Win64; x64) AppleWebKit/537.36 (KHTML, like Gecko) Chrome/63.0.3239.132 Safari/537.36"
::1 - - [Tue, 30 Jan 2018 15:04:20 GMT] "GET /vendor/bootstrap/js/bootstrap.min.js HTTP/1.1" 304 - "http://localhost:3000/vacations" "Mozilla/5.0 (Windows NT 10.0; Win64; x64) AppleWebKit/537.36 (KHTML, like Gecko) Chrome/63.0.3239.132 Safari/537.36"
::1 - - [Tue, 30 Jan 2018 15:04:20 GMT] "GET /images/logo.png HTTP/1.1" 304 - "http://localhost:3000/vacations" "Mozilla/5.0 (Windows NT 10.0; Win64; x64) AppleWebKit/537.36 (KHTML, like Gecko) Chrome/63.0.3239.132 Safari/537.36"
::1 - - [Tue, 30 Jan 2018 15:04:20 GMT] "GET /favicon.ico HTTP/1.1" 400 490 "http://localhost:3000/vacations" "Mozilla/5.0 (Windows NT 10.0; Win64; x64) AppleWebKit/537.36 (KHTML, like Gecko) Chrome/63.0.3239.132 Safari/537.36"
::1 - - [Tue, 30 Jan 2018 15:04:23 GMT] "GET /set-currency/GBP HTTP/1.1" 303 68 "http://localhost:3000/vacations" "Mozilla/5.0 (Windows NT 10.0; Win64; x64) AppleWebKit/537.36 (KHTML, like Gecko) Chrome/63.0.3239.132 Safari/537.36"
::1 - - [Tue, 30 Jan 2018 15:04:23 GMT] "GET /vacations HTTP/1.1" 200 2230 "http://localhost:3000/vacations" "Mozilla/5.0 (Windows NT 10.0; Win64; x64) AppleWebKit/537.36 (KHTML, like Gecko) Chrome/63.0.3239.132 Safari/537.36"
::1 - - [Tue, 30 Jan 2018 15:04:24 GMT] "GET /vendor/bootstrap/css/bootstrap.min.css HTTP/1.1" 304 - "http://localhost:3000/vacations" "Mozilla/5.0 (Windows NT 10.0; Win64; x64) AppleWebKit/537.36 (KHTML, like Gecko) Chrome/63.0.3239.132 Safari/537.36"
::1 - - [Tue, 30 Jan 2018 15:04:24 GMT] "GET /css/main.css HTTP/1.1" 304 - "http://localhost:3000/vacations" "Mozilla/5.0 (Windows NT 10.0; Win64; x64) AppleWebKit/537.36 (KHTML, like Gecko) Chrome/63.0.3239.132 Safari/537.36"
::1 - - [Tue, 30 Jan 2018 15:04:24 GMT] "GET /vendor/jquery.min.js HTTP/1.1" 304 - "http://localhost:3000/vacations" "Mozilla/5.0 (Windows NT 10.0; Win64; x64) AppleWebKit/537.36 (KHTML, like Gecko) Chrome/63.0.3239.132 Safari/537.36"
::1 - - [Tue, 30 Jan 2018 15:04:24 GMT] "GET /vendor/bootstrap/js/bootstrap.min.js HTTP/1.1" 304 - "http://localhost:3000/vacations" "Mozilla/5.0 (Windows NT 10.0; Win64; x64) AppleWebKit/537.36 (KHTML, like Gecko) Chrome/63.0.3239.132 Safari/537.36"
::1 - - [Tue, 30 Jan 2018 15:04:24 GMT] "GET /images/logo.png HTTP/1.1" 304 - "http://localhost:3000/vacations" "Mozilla/5.0 (Windows NT 10.0; Win64; x64) AppleWebKit/537.36 (KHTML, like Gecko) Chrome/63.0.3239.132 Safari/537.36"
::1 - - [Tue, 30 Jan 2018 15:04:24 GMT] "GET /favicon.ico HTTP/1.1" 400 490 "http://localhost:3000/vacations" "Mozilla/5.0 (Windows NT 10.0; Win64; x64) AppleWebKit/537.36 (KHTML, like Gecko) Chrome/63.0.3239.132 Safari/537.36"
::1 - - [Tue, 30 Jan 2018 15:04:26 GMT] "GET /set-currency/USD HTTP/1.1" 303 68 "http://localhost:3000/vacations" "Mozilla/5.0 (Windows NT 10.0; Win64; x64) AppleWebKit/537.36 (KHTML, like Gecko) Chrome/63.0.3239.132 Safari/537.36"
::1 - - [Tue, 30 Jan 2018 15:04:26 GMT] "GET /vacations HTTP/1.1" 200 2230 "http://localhost:3000/vacations" "Mozilla/5.0 (Windows NT 10.0; Win64; x64) AppleWebKit/537.36 (KHTML, like Gecko) Chrome/63.0.3239.132 Safari/537.36"
::1 - - [Tue, 30 Jan 2018 15:04:26 GMT] "GET /vendor/bootstrap/css/bootstrap.min.css HTTP/1.1" 304 - "http://localhost:3000/vacations" "Mozilla/5.0 (Windows NT 10.0; Win64; x64) AppleWebKit/537.36 (KHTML, like Gecko) Chrome/63.0.3239.132 Safari/537.36"
::1 - - [Tue, 30 Jan 2018 15:04:26 GMT] "GET /css/main.css HTTP/1.1" 304 - "http://localhost:3000/vacations" "Mozilla/5.0 (Windows NT 10.0; Win64; x64) AppleWebKit/537.36 (KHTML, like Gecko) Chrome/63.0.3239.132 Safari/537.36"
::1 - - [Tue, 30 Jan 2018 15:04:26 GMT] "GET /vendor/jquery.min.js HTTP/1.1" 304 - "http://localhost:3000/vacations" "Mozilla/5.0 (Windows NT 10.0; Win64; x64) AppleWebKit/537.36 (KHTML, like Gecko) Chrome/63.0.3239.132 Safari/537.36"
::1 - - [Tue, 30 Jan 2018 15:04:26 GMT] "GET /vendor/bootstrap/js/bootstrap.min.js HTTP/1.1" 304 - "http://localhost:3000/vacations" "Mozilla/5.0 (Windows NT 10.0; Win64; x64) AppleWebKit/537.36 (KHTML, like Gecko) Chrome/63.0.3239.132 Safari/537.36"
::1 - - [Tue, 30 Jan 2018 15:04:26 GMT] "GET /images/logo.png HTTP/1.1" 304 - "http://localhost:3000/vacations" "Mozilla/5.0 (Windows NT 10.0; Win64; x64) AppleWebKit/537.36 (KHTML, like Gecko) Chrome/63.0.3239.132 Safari/537.36"
::1 - - [Tue, 30 Jan 2018 15:04:26 GMT] "GET /favicon.ico HTTP/1.1" 400 490 "http://localhost:3000/vacations" "Mozilla/5.0 (Windows NT 10.0; Win64; x64) AppleWebKit/537.36 (KHTML, like Gecko) Chrome/63.0.3239.132 Safari/537.36"
::1 - - [Tue, 30 Jan 2018 15:04:28 GMT] "GET /set-currency/GBP HTTP/1.1" 303 68 "http://localhost:3000/vacations" "Mozilla/5.0 (Windows NT 10.0; Win64; x64) AppleWebKit/537.36 (KHTML, like Gecko) Chrome/63.0.3239.132 Safari/537.36"
::1 - - [Tue, 30 Jan 2018 15:04:28 GMT] "GET /vacations HTTP/1.1" 200 2230 "http://localhost:3000/vacations" "Mozilla/5.0 (Windows NT 10.0; Win64; x64) AppleWebKit/537.36 (KHTML, like Gecko) Chrome/63.0.3239.132 Safari/537.36"
::1 - - [Tue, 30 Jan 2018 15:04:28 GMT] "GET /vendor/bootstrap/css/bootstrap.min.css HTTP/1.1" 304 - "http://localhost:3000/vacations" "Mozilla/5.0 (Windows NT 10.0; Win64; x64) AppleWebKit/537.36 (KHTML, like Gecko) Chrome/63.0.3239.132 Safari/537.36"
::1 - - [Tue, 30 Jan 2018 15:04:28 GMT] "GET /css/main.css HTTP/1.1" 304 - "http://localhost:3000/vacations" "Mozilla/5.0 (Windows NT 10.0; Win64; x64) AppleWebKit/537.36 (KHTML, like Gecko) Chrome/63.0.3239.132 Safari/537.36"
::1 - - [Tue, 30 Jan 2018 15:04:28 GMT] "GET /vendor/jquery.min.js HTTP/1.1" 304 - "http://localhost:3000/vacations" "Mozilla/5.0 (Windows NT 10.0; Win64; x64) AppleWebKit/537.36 (KHTML, like Gecko) Chrome/63.0.3239.132 Safari/537.36"
::1 - - [Tue, 30 Jan 2018 15:04:28 GMT] "GET /vendor/bootstrap/js/bootstrap.min.js HTTP/1.1" 304 - "http://localhost:3000/vacations" "Mozilla/5.0 (Windows NT 10.0; Win64; x64) AppleWebKit/537.36 (KHTML, like Gecko) Chrome/63.0.3239.132 Safari/537.36"
::1 - - [Tue, 30 Jan 2018 15:04:28 GMT] "GET /images/logo.png HTTP/1.1" 304 - "http://localhost:3000/vacations" "Mozilla/5.0 (Windows NT 10.0; Win64; x64) AppleWebKit/537.36 (KHTML, like Gecko) Chrome/63.0.3239.132 Safari/537.36"
::1 - - [Tue, 30 Jan 2018 15:04:28 GMT] "GET /favicon.ico HTTP/1.1" 400 490 "http://localhost:3000/vacations" "Mozilla/5.0 (Windows NT 10.0; Win64; x64) AppleWebKit/537.36 (KHTML, like Gecko) Chrome/63.0.3239.132 Safari/537.36"
::1 - - [Tue, 30 Jan 2018 15:04:30 GMT] "GET /set-currency/BTC HTTP/1.1" 303 68 "http://localhost:3000/vacations" "Mozilla/5.0 (Windows NT 10.0; Win64; x64) AppleWebKit/537.36 (KHTML, like Gecko) Chrome/63.0.3239.132 Safari/537.36"
::1 - - [Tue, 30 Jan 2018 15:04:30 GMT] "GET /vacations HTTP/1.1" 200 2272 "http://localhost:3000/vacations" "Mozilla/5.0 (Windows NT 10.0; Win64; x64) AppleWebKit/537.36 (KHTML, like Gecko) Chrome/63.0.3239.132 Safari/537.36"
::1 - - [Tue, 30 Jan 2018 15:04:30 GMT] "GET /vendor/bootstrap/css/bootstrap.min.css HTTP/1.1" 304 - "http://localhost:3000/vacations" "Mozilla/5.0 (Windows NT 10.0; Win64; x64) AppleWebKit/537.36 (KHTML, like Gecko) Chrome/63.0.3239.132 Safari/537.36"
::1 - - [Tue, 30 Jan 2018 15:04:30 GMT] "GET /css/main.css HTTP/1.1" 304 - "http://localhost:3000/vacations" "Mozilla/5.0 (Windows NT 10.0; Win64; x64) AppleWebKit/537.36 (KHTML, like Gecko) Chrome/63.0.3239.132 Safari/537.36"
::1 - - [Tue, 30 Jan 2018 15:04:30 GMT] "GET /vendor/jquery.min.js HTTP/1.1" 304 - "http://localhost:3000/vacations" "Mozilla/5.0 (Windows NT 10.0; Win64; x64) AppleWebKit/537.36 (KHTML, like Gecko) Chrome/63.0.3239.132 Safari/537.36"
::1 - - [Tue, 30 Jan 2018 15:04:30 GMT] "GET /vendor/bootstrap/js/bootstrap.min.js HTTP/1.1" 304 - "http://localhost:3000/vacations" "Mozilla/5.0 (Windows NT 10.0; Win64; x64) AppleWebKit/537.36 (KHTML, like Gecko) Chrome/63.0.3239.132 Safari/537.36"
::1 - - [Tue, 30 Jan 2018 15:04:30 GMT] "GET /images/logo.png HTTP/1.1" 304 - "http://localhost:3000/vacations" "Mozilla/5.0 (Windows NT 10.0; Win64; x64) AppleWebKit/537.36 (KHTML, like Gecko) Chrome/63.0.3239.132 Safari/537.36"
::1 - - [Tue, 30 Jan 2018 15:04:30 GMT] "GET /favicon.ico HTTP/1.1" 400 490 "http://localhost:3000/vacations" "Mozilla/5.0 (Windows NT 10.0; Win64; x64) AppleWebKit/537.36 (KHTML, like Gecko) Chrome/63.0.3239.132 Safari/537.36"
::1 - - [Tue, 30 Jan 2018 15:15:31 GMT] "GET /set-currency/GBP HTTP/1.1" 303 68 "http://localhost:3000/vacations" "Mozilla/5.0 (Windows NT 10.0; Win64; x64) AppleWebKit/537.36 (KHTML, like Gecko) Chrome/63.0.3239.132 Safari/537.36"
::1 - - [Tue, 30 Jan 2018 15:15:31 GMT] "GET /vacations HTTP/1.1" 200 2230 "http://localhost:3000/vacations" "Mozilla/5.0 (Windows NT 10.0; Win64; x64) AppleWebKit/537.36 (KHTML, like Gecko) Chrome/63.0.3239.132 Safari/537.36"
::1 - - [Tue, 30 Jan 2018 15:15:31 GMT] "GET /vendor/bootstrap/css/bootstrap.min.css HTTP/1.1" 304 - "http://localhost:3000/vacations" "Mozilla/5.0 (Windows NT 10.0; Win64; x64) AppleWebKit/537.36 (KHTML, like Gecko) Chrome/63.0.3239.132 Safari/537.36"
::1 - - [Tue, 30 Jan 2018 15:15:31 GMT] "GET /css/main.css HTTP/1.1" 304 - "http://localhost:3000/vacations" "Mozilla/5.0 (Windows NT 10.0; Win64; x64) AppleWebKit/537.36 (KHTML, like Gecko) Chrome/63.0.3239.132 Safari/537.36"
::1 - - [Tue, 30 Jan 2018 15:15:31 GMT] "GET /vendor/jquery.min.js HTTP/1.1" 304 - "http://localhost:3000/vacations" "Mozilla/5.0 (Windows NT 10.0; Win64; x64) AppleWebKit/537.36 (KHTML, like Gecko) Chrome/63.0.3239.132 Safari/537.36"
::1 - - [Tue, 30 Jan 2018 15:15:31 GMT] "GET /vendor/bootstrap/js/bootstrap.min.js HTTP/1.1" 304 - "http://localhost:3000/vacations" "Mozilla/5.0 (Windows NT 10.0; Win64; x64) AppleWebKit/537.36 (KHTML, like Gecko) Chrome/63.0.3239.132 Safari/537.36"
::1 - - [Tue, 30 Jan 2018 15:15:31 GMT] "GET /images/logo.png HTTP/1.1" 304 - "http://localhost:3000/vacations" "Mozilla/5.0 (Windows NT 10.0; Win64; x64) AppleWebKit/537.36 (KHTML, like Gecko) Chrome/63.0.3239.132 Safari/537.36"
::1 - - [Tue, 30 Jan 2018 15:15:31 GMT] "GET /favicon.ico HTTP/1.1" 400 490 "http://localhost:3000/vacations" "Mozilla/5.0 (Windows NT 10.0; Win64; x64) AppleWebKit/537.36 (KHTML, like Gecko) Chrome/63.0.3239.132 Safari/537.36"
::1 - - [Tue, 30 Jan 2018 15:15:33 GMT] "GET /set-currency/USD HTTP/1.1" 303 68 "http://localhost:3000/vacations" "Mozilla/5.0 (Windows NT 10.0; Win64; x64) AppleWebKit/537.36 (KHTML, like Gecko) Chrome/63.0.3239.132 Safari/537.36"
::1 - - [Tue, 30 Jan 2018 15:15:33 GMT] "GET /vacations HTTP/1.1" 200 2230 "http://localhost:3000/vacations" "Mozilla/5.0 (Windows NT 10.0; Win64; x64) AppleWebKit/537.36 (KHTML, like Gecko) Chrome/63.0.3239.132 Safari/537.36"
::1 - - [Tue, 30 Jan 2018 15:15:33 GMT] "GET /vendor/bootstrap/css/bootstrap.min.css HTTP/1.1" 304 - "http://localhost:3000/vacations" "Mozilla/5.0 (Windows NT 10.0; Win64; x64) AppleWebKit/537.36 (KHTML, like Gecko) Chrome/63.0.3239.132 Safari/537.36"
::1 - - [Tue, 30 Jan 2018 15:15:33 GMT] "GET /vendor/jquery.min.js HTTP/1.1" 304 - "http://localhost:3000/vacations" "Mozilla/5.0 (Windows NT 10.0; Win64; x64) AppleWebKit/537.36 (KHTML, like Gecko) Chrome/63.0.3239.132 Safari/537.36"
::1 - - [Tue, 30 Jan 2018 15:15:33 GMT] "GET /css/main.css HTTP/1.1" 304 - "http://localhost:3000/vacations" "Mozilla/5.0 (Windows NT 10.0; Win64; x64) AppleWebKit/537.36 (KHTML, like Gecko) Chrome/63.0.3239.132 Safari/537.36"
::1 - - [Tue, 30 Jan 2018 15:15:33 GMT] "GET /vendor/bootstrap/js/bootstrap.min.js HTTP/1.1" 304 - "http://localhost:3000/vacations" "Mozilla/5.0 (Windows NT 10.0; Win64; x64) AppleWebKit/537.36 (KHTML, like Gecko) Chrome/63.0.3239.132 Safari/537.36"
::1 - - [Tue, 30 Jan 2018 15:15:33 GMT] "GET /images/logo.png HTTP/1.1" 304 - "http://localhost:3000/vacations" "Mozilla/5.0 (Windows NT 10.0; Win64; x64) AppleWebKit/537.36 (KHTML, like Gecko) Chrome/63.0.3239.132 Safari/537.36"
::1 - - [Tue, 30 Jan 2018 15:15:33 GMT] "GET /favicon.ico HTTP/1.1" 400 490 "http://localhost:3000/vacations" "Mozilla/5.0 (Windows NT 10.0; Win64; x64) AppleWebKit/537.36 (KHTML, like Gecko) Chrome/63.0.3239.132 Safari/537.36"
::1 - - [Tue, 30 Jan 2018 15:15:38 GMT] "GET /cart/add?sku=HR199 HTTP/1.1" 400 490 "http://localhost:3000/vacations" "Mozilla/5.0 (Windows NT 10.0; Win64; x64) AppleWebKit/537.36 (KHTML, like Gecko) Chrome/63.0.3239.132 Safari/537.36"
::1 - - [Tue, 30 Jan 2018 15:15:38 GMT] "GET /vendor/bootstrap/css/bootstrap.min.css HTTP/1.1" 304 - "http://localhost:3000/cart/add?sku=HR199" "Mozilla/5.0 (Windows NT 10.0; Win64; x64) AppleWebKit/537.36 (KHTML, like Gecko) Chrome/63.0.3239.132 Safari/537.36"
::1 - - [Tue, 30 Jan 2018 15:15:38 GMT] "GET /css/main.css HTTP/1.1" 304 - "http://localhost:3000/cart/add?sku=HR199" "Mozilla/5.0 (Windows NT 10.0; Win64; x64) AppleWebKit/537.36 (KHTML, like Gecko) Chrome/63.0.3239.132 Safari/537.36"
::1 - - [Tue, 30 Jan 2018 15:15:38 GMT] "GET /vendor/jquery.min.js HTTP/1.1" 304 - "http://localhost:3000/cart/add?sku=HR199" "Mozilla/5.0 (Windows NT 10.0; Win64; x64) AppleWebKit/537.36 (KHTML, like Gecko) Chrome/63.0.3239.132 Safari/537.36"
::1 - - [Tue, 30 Jan 2018 15:15:38 GMT] "GET /vendor/bootstrap/js/bootstrap.min.js HTTP/1.1" 304 - "http://localhost:3000/cart/add?sku=HR199" "Mozilla/5.0 (Windows NT 10.0; Win64; x64) AppleWebKit/537.36 (KHTML, like Gecko) Chrome/63.0.3239.132 Safari/537.36"
::1 - - [Tue, 30 Jan 2018 15:15:38 GMT] "GET /images/logo.png HTTP/1.1" 304 - "http://localhost:3000/cart/add?sku=HR199" "Mozilla/5.0 (Windows NT 10.0; Win64; x64) AppleWebKit/537.36 (KHTML, like Gecko) Chrome/63.0.3239.132 Safari/537.36"
::1 - - [Tue, 30 Jan 2018 15:15:38 GMT] "GET /favicon.ico HTTP/1.1" 400 490 "http://localhost:3000/cart/add?sku=HR199" "Mozilla/5.0 (Windows NT 10.0; Win64; x64) AppleWebKit/537.36 (KHTML, like Gecko) Chrome/63.0.3239.132 Safari/537.36"
::1 - - [Tue, 30 Jan 2018 15:15:41 GMT] "GET /favicon.ico HTTP/1.1" 400 490 "http://localhost:3000/vacations" "Mozilla/5.0 (Windows NT 10.0; Win64; x64) AppleWebKit/537.36 (KHTML, like Gecko) Chrome/63.0.3239.132 Safari/537.36"
::1 - - [Tue, 30 Jan 2018 15:15:44 GMT] "GET /notify-me-when-in-season?sku=OC39 HTTP/1.1" 200 1097 "http://localhost:3000/vacations" "Mozilla/5.0 (Windows NT 10.0; Win64; x64) AppleWebKit/537.36 (KHTML, like Gecko) Chrome/63.0.3239.132 Safari/537.36"
::1 - - [Tue, 30 Jan 2018 15:15:44 GMT] "GET /vendor/bootstrap/css/bootstrap.min.css HTTP/1.1" 304 - "http://localhost:3000/notify-me-when-in-season?sku=OC39" "Mozilla/5.0 (Windows NT 10.0; Win64; x64) AppleWebKit/537.36 (KHTML, like Gecko) Chrome/63.0.3239.132 Safari/537.36"
::1 - - [Tue, 30 Jan 2018 15:15:44 GMT] "GET /css/main.css HTTP/1.1" 304 - "http://localhost:3000/notify-me-when-in-season?sku=OC39" "Mozilla/5.0 (Windows NT 10.0; Win64; x64) AppleWebKit/537.36 (KHTML, like Gecko) Chrome/63.0.3239.132 Safari/537.36"
::1 - - [Tue, 30 Jan 2018 15:15:44 GMT] "GET /vendor/jquery.min.js HTTP/1.1" 304 - "http://localhost:3000/notify-me-when-in-season?sku=OC39" "Mozilla/5.0 (Windows NT 10.0; Win64; x64) AppleWebKit/537.36 (KHTML, like Gecko) Chrome/63.0.3239.132 Safari/537.36"
::1 - - [Tue, 30 Jan 2018 15:15:44 GMT] "GET /vendor/bootstrap/js/bootstrap.min.js HTTP/1.1" 304 - "http://localhost:3000/notify-me-when-in-season?sku=OC39" "Mozilla/5.0 (Windows NT 10.0; Win64; x64) AppleWebKit/537.36 (KHTML, like Gecko) Chrome/63.0.3239.132 Safari/537.36"
::1 - - [Tue, 30 Jan 2018 15:15:44 GMT] "GET /images/logo.png HTTP/1.1" 304 - "http://localhost:3000/notify-me-when-in-season?sku=OC39" "Mozilla/5.0 (Windows NT 10.0; Win64; x64) AppleWebKit/537.36 (KHTML, like Gecko) Chrome/63.0.3239.132 Safari/537.36"
::1 - - [Tue, 30 Jan 2018 15:15:44 GMT] "GET /favicon.ico HTTP/1.1" 400 490 "http://localhost:3000/notify-me-when-in-season?sku=OC39" "Mozilla/5.0 (Windows NT 10.0; Win64; x64) AppleWebKit/537.36 (KHTML, like Gecko) Chrome/63.0.3239.132 Safari/537.36"
::1 - - [Tue, 30 Jan 2018 15:15:50 GMT] "POST /notify-me-when-in-season HTTP/1.1" 303 68 "http://localhost:3000/notify-me-when-in-season?sku=OC39" "Mozilla/5.0 (Windows NT 10.0; Win64; x64) AppleWebKit/537.36 (KHTML, like Gecko) Chrome/63.0.3239.132 Safari/537.36"
::1 - - [Tue, 30 Jan 2018 15:15:50 GMT] "GET /vacations HTTP/1.1" 200 2501 "http://localhost:3000/notify-me-when-in-season?sku=OC39" "Mozilla/5.0 (Windows NT 10.0; Win64; x64) AppleWebKit/537.36 (KHTML, like Gecko) Chrome/63.0.3239.132 Safari/537.36"
::1 - - [Tue, 30 Jan 2018 15:15:51 GMT] "GET /vendor/bootstrap/css/bootstrap.min.css HTTP/1.1" 304 - "http://localhost:3000/vacations" "Mozilla/5.0 (Windows NT 10.0; Win64; x64) AppleWebKit/537.36 (KHTML, like Gecko) Chrome/63.0.3239.132 Safari/537.36"
::1 - - [Tue, 30 Jan 2018 15:15:51 GMT] "GET /css/main.css HTTP/1.1" 304 - "http://localhost:3000/vacations" "Mozilla/5.0 (Windows NT 10.0; Win64; x64) AppleWebKit/537.36 (KHTML, like Gecko) Chrome/63.0.3239.132 Safari/537.36"
::1 - - [Tue, 30 Jan 2018 15:15:51 GMT] "GET /vendor/jquery.min.js HTTP/1.1" 304 - "http://localhost:3000/vacations" "Mozilla/5.0 (Windows NT 10.0; Win64; x64) AppleWebKit/537.36 (KHTML, like Gecko) Chrome/63.0.3239.132 Safari/537.36"
::1 - - [Tue, 30 Jan 2018 15:15:51 GMT] "GET /vendor/bootstrap/js/bootstrap.min.js HTTP/1.1" 304 - "http://localhost:3000/vacations" "Mozilla/5.0 (Windows NT 10.0; Win64; x64) AppleWebKit/537.36 (KHTML, like Gecko) Chrome/63.0.3239.132 Safari/537.36"
::1 - - [Tue, 30 Jan 2018 15:15:51 GMT] "GET /images/logo.png HTTP/1.1" 304 - "http://localhost:3000/vacations" "Mozilla/5.0 (Windows NT 10.0; Win64; x64) AppleWebKit/537.36 (KHTML, like Gecko) Chrome/63.0.3239.132 Safari/537.36"
::1 - - [Tue, 30 Jan 2018 15:15:51 GMT] "GET /favicon.ico HTTP/1.1" 400 490 "http://localhost:3000/vacations" "Mozilla/5.0 (Windows NT 10.0; Win64; x64) AppleWebKit/537.36 (KHTML, like Gecko) Chrome/63.0.3239.132 Safari/537.36"
::1 - - [Wed, 31 Jan 2018 07:09:07 GMT] "GET /vacations HTTP/1.1" 200 2230 "-" "Mozilla/5.0 (Windows NT 10.0; Win64; x64) AppleWebKit/537.36 (KHTML, like Gecko) Chrome/63.0.3239.132 Safari/537.36"
::1 - - [Wed, 31 Jan 2018 07:09:07 GMT] "GET /vendor/bootstrap/css/bootstrap.min.css HTTP/1.1" 304 - "http://localhost:3000/vacations" "Mozilla/5.0 (Windows NT 10.0; Win64; x64) AppleWebKit/537.36 (KHTML, like Gecko) Chrome/63.0.3239.132 Safari/537.36"
::1 - - [Wed, 31 Jan 2018 07:09:07 GMT] "GET /css/main.css HTTP/1.1" 304 - "http://localhost:3000/vacations" "Mozilla/5.0 (Windows NT 10.0; Win64; x64) AppleWebKit/537.36 (KHTML, like Gecko) Chrome/63.0.3239.132 Safari/537.36"
::1 - - [Wed, 31 Jan 2018 07:09:07 GMT] "GET /vendor/jquery.min.js HTTP/1.1" 304 - "http://localhost:3000/vacations" "Mozilla/5.0 (Windows NT 10.0; Win64; x64) AppleWebKit/537.36 (KHTML, like Gecko) Chrome/63.0.3239.132 Safari/537.36"
::1 - - [Wed, 31 Jan 2018 07:09:07 GMT] "GET /vendor/bootstrap/js/bootstrap.min.js HTTP/1.1" 304 - "http://localhost:3000/vacations" "Mozilla/5.0 (Windows NT 10.0; Win64; x64) AppleWebKit/537.36 (KHTML, like Gecko) Chrome/63.0.3239.132 Safari/537.36"
::1 - - [Wed, 31 Jan 2018 07:09:07 GMT] "GET /images/logo.png HTTP/1.1" 304 - "http://localhost:3000/vacations" "Mozilla/5.0 (Windows NT 10.0; Win64; x64) AppleWebKit/537.36 (KHTML, like Gecko) Chrome/63.0.3239.132 Safari/537.36"
::1 - - [Wed, 31 Jan 2018 07:09:07 GMT] "GET /favicon.ico HTTP/1.1" 400 490 "http://localhost:3000/vacations" "Mozilla/5.0 (Windows NT 10.0; Win64; x64) AppleWebKit/537.36 (KHTML, like Gecko) Chrome/63.0.3239.132 Safari/537.36"
::1 - - [Thu, 01 Feb 2018 11:00:33 GMT] "GET /api/attractions HTTP/1.1" 500 493 "-" "PostmanRuntime/7.1.1"
::1 - - [Thu, 01 Feb 2018 11:03:26 GMT] "GET /api/attractions HTTP/1.1" 200 2 "-" "PostmanRuntime/7.1.1"
::1 - - [Thu, 01 Feb 2018 11:06:42 GMT] "POST /api/attractions HTTP/1.1" 400 490 "-" "PostmanRuntime/7.1.1"
::1 - - [Thu, 01 Feb 2018 11:07:25 GMT] "POST /api/attraction HTTP/1.1" 200 33 "-" "PostmanRuntime/7.1.1"
::ffff:127.0.0.1 - - [Sat, 03 Feb 2018 10:10:08 GMT] "GET / HTTP/1.1" 200 1339 "-" "Mozilla/5.0 (Windows NT 10.0; Win64; x64) AppleWebKit/537.36 (KHTML, like Gecko) Chrome/63.0.3239.132 Safari/537.36"
::ffff:127.0.0.1 - - [Sat, 03 Feb 2018 10:10:08 GMT] "GET /css/main.css HTTP/1.1" 200 112 "https://127.0.0.1:3000/" "Mozilla/5.0 (Windows NT 10.0; Win64; x64) AppleWebKit/537.36 (KHTML, like Gecko) Chrome/63.0.3239.132 Safari/537.36"
::ffff:127.0.0.1 - - [Sat, 03 Feb 2018 10:10:08 GMT] "GET /images/logo.png HTTP/1.1" 200 1587 "https://127.0.0.1:3000/" "Mozilla/5.0 (Windows NT 10.0; Win64; x64) AppleWebKit/537.36 (KHTML, like Gecko) Chrome/63.0.3239.132 Safari/537.36"
::ffff:127.0.0.1 - - [Sat, 03 Feb 2018 10:10:08 GMT] "GET /vendor/jquery.min.js HTTP/1.1" 200 86659 "https://127.0.0.1:3000/" "Mozilla/5.0 (Windows NT 10.0; Win64; x64) AppleWebKit/537.36 (KHTML, like Gecko) Chrome/63.0.3239.132 Safari/537.36"
::ffff:127.0.0.1 - - [Sat, 03 Feb 2018 10:10:08 GMT] "GET /vendor/bootstrap/css/bootstrap.min.css HTTP/1.1" 200 121200 "https://127.0.0.1:3000/" "Mozilla/5.0 (Windows NT 10.0; Win64; x64) AppleWebKit/537.36 (KHTML, like Gecko) Chrome/63.0.3239.132 Safari/537.36"
::ffff:127.0.0.1 - - [Sat, 03 Feb 2018 10:10:08 GMT] "GET /vendor/bootstrap/js/bootstrap.min.js HTTP/1.1" 200 37045 "https://127.0.0.1:3000/" "Mozilla/5.0 (Windows NT 10.0; Win64; x64) AppleWebKit/537.36 (KHTML, like Gecko) Chrome/63.0.3239.132 Safari/537.36"
::ffff:127.0.0.1 - - [Sat, 03 Feb 2018 10:10:09 GMT] "GET /favicon.ico HTTP/1.1" 400 490 "https://127.0.0.1:3000/" "Mozilla/5.0 (Windows NT 10.0; Win64; x64) AppleWebKit/537.36 (KHTML, like Gecko) Chrome/63.0.3239.132 Safari/537.36"
::ffff:127.0.0.1 - - [Sat, 03 Feb 2018 10:10:25 GMT] "GET / HTTP/1.1" 200 1339 "-" "Mozilla/5.0 (Windows NT 10.0; Win64; x64) AppleWebKit/537.36 (KHTML, like Gecko) Chrome/63.0.3239.132 Safari/537.36"
::ffff:127.0.0.1 - - [Sat, 03 Feb 2018 10:10:25 GMT] "GET /css/main.css HTTP/1.1" 200 112 "https://127.0.0.1:3000/" "Mozilla/5.0 (Windows NT 10.0; Win64; x64) AppleWebKit/537.36 (KHTML, like Gecko) Chrome/63.0.3239.132 Safari/537.36"
::ffff:127.0.0.1 - - [Sat, 03 Feb 2018 10:10:25 GMT] "GET /vendor/bootstrap/css/bootstrap.min.css HTTP/1.1" 200 121200 "https://127.0.0.1:3000/" "Mozilla/5.0 (Windows NT 10.0; Win64; x64) AppleWebKit/537.36 (KHTML, like Gecko) Chrome/63.0.3239.132 Safari/537.36"
::ffff:127.0.0.1 - - [Sat, 03 Feb 2018 10:10:26 GMT] "GET /favicon.ico HTTP/1.1" 400 490 "https://127.0.0.1:3000/" "Mozilla/5.0 (Windows NT 10.0; Win64; x64) AppleWebKit/537.36 (KHTML, like Gecko) Chrome/63.0.3239.132 Safari/537.36"
::ffff:127.0.0.1 - - [Sat, 03 Feb 2018 10:17:12 GMT] "GET / HTTP/1.1" 200 1339 "-" "Mozilla/5.0 (Windows NT 10.0; Win64; x64) AppleWebKit/537.36 (KHTML, like Gecko) Chrome/63.0.3239.132 Safari/537.36"
::ffff:127.0.0.1 - - [Sat, 03 Feb 2018 10:17:12 GMT] "GET /vendor/jquery.min.js HTTP/1.1" 304 - "https://127.0.0.1:3000/" "Mozilla/5.0 (Windows NT 10.0; Win64; x64) AppleWebKit/537.36 (KHTML, like Gecko) Chrome/63.0.3239.132 Safari/537.36"
::ffff:127.0.0.1 - - [Sat, 03 Feb 2018 10:17:12 GMT] "GET /vendor/bootstrap/css/bootstrap.min.css HTTP/1.1" 200 121200 "https://127.0.0.1:3000/" "Mozilla/5.0 (Windows NT 10.0; Win64; x64) AppleWebKit/537.36 (KHTML, like Gecko) Chrome/63.0.3239.132 Safari/537.36"
::ffff:127.0.0.1 - - [Sat, 03 Feb 2018 10:17:12 GMT] "GET /css/main.css HTTP/1.1" 200 112 "https://127.0.0.1:3000/" "Mozilla/5.0 (Windows NT 10.0; Win64; x64) AppleWebKit/537.36 (KHTML, like Gecko) Chrome/63.0.3239.132 Safari/537.36"
::ffff:127.0.0.1 - - [Sat, 03 Feb 2018 10:17:12 GMT] "GET /vendor/bootstrap/js/bootstrap.min.js HTTP/1.1" 304 - "https://127.0.0.1:3000/" "Mozilla/5.0 (Windows NT 10.0; Win64; x64) AppleWebKit/537.36 (KHTML, like Gecko) Chrome/63.0.3239.132 Safari/537.36"
::ffff:127.0.0.1 - - [Sat, 03 Feb 2018 10:17:12 GMT] "GET /images/logo.png HTTP/1.1" 304 - "https://127.0.0.1:3000/" "Mozilla/5.0 (Windows NT 10.0; Win64; x64) AppleWebKit/537.36 (KHTML, like Gecko) Chrome/63.0.3239.132 Safari/537.36"
::ffff:127.0.0.1 - - [Sat, 03 Feb 2018 10:17:12 GMT] "GET /favicon.ico HTTP/1.1" 400 490 "https://127.0.0.1:3000/" "Mozilla/5.0 (Windows NT 10.0; Win64; x64) AppleWebKit/537.36 (KHTML, like Gecko) Chrome/63.0.3239.132 Safari/537.36"
::ffff:127.0.0.1 - - [Sat, 03 Feb 2018 10:52:53 GMT] "GET /newsletter HTTP/1.1" 200 2174 "-" "Mozilla/5.0 (Windows NT 10.0; Win64; x64) AppleWebKit/537.36 (KHTML, like Gecko) Chrome/63.0.3239.132 Safari/537.36"
::ffff:127.0.0.1 - - [Sat, 03 Feb 2018 10:52:53 GMT] "GET /vendor/bootstrap/css/bootstrap.min.css HTTP/1.1" 200 121200 "https://127.0.0.1:3000/newsletter" "Mozilla/5.0 (Windows NT 10.0; Win64; x64) AppleWebKit/537.36 (KHTML, like Gecko) Chrome/63.0.3239.132 Safari/537.36"
::ffff:127.0.0.1 - - [Sat, 03 Feb 2018 10:52:54 GMT] "GET /vendor/jquery.min.js HTTP/1.1" 304 - "https://127.0.0.1:3000/newsletter" "Mozilla/5.0 (Windows NT 10.0; Win64; x64) AppleWebKit/537.36 (KHTML, like Gecko) Chrome/63.0.3239.132 Safari/537.36"
::ffff:127.0.0.1 - - [Sat, 03 Feb 2018 10:52:54 GMT] "GET /css/main.css HTTP/1.1" 200 112 "https://127.0.0.1:3000/newsletter" "Mozilla/5.0 (Windows NT 10.0; Win64; x64) AppleWebKit/537.36 (KHTML, like Gecko) Chrome/63.0.3239.132 Safari/537.36"
::ffff:127.0.0.1 - - [Sat, 03 Feb 2018 10:52:54 GMT] "GET /vendor/bootstrap/js/bootstrap.min.js HTTP/1.1" 304 - "https://127.0.0.1:3000/newsletter" "Mozilla/5.0 (Windows NT 10.0; Win64; x64) AppleWebKit/537.36 (KHTML, like Gecko) Chrome/63.0.3239.132 Safari/537.36"
::ffff:127.0.0.1 - - [Sat, 03 Feb 2018 10:52:54 GMT] "GET /images/logo.png HTTP/1.1" 304 - "https://127.0.0.1:3000/newsletter" "Mozilla/5.0 (Windows NT 10.0; Win64; x64) AppleWebKit/537.36 (KHTML, like Gecko) Chrome/63.0.3239.132 Safari/537.36"
::ffff:127.0.0.1 - - [Sat, 03 Feb 2018 10:52:54 GMT] "GET /favicon.ico HTTP/1.1" 400 490 "https://127.0.0.1:3000/newsletter" "Mozilla/5.0 (Windows NT 10.0; Win64; x64) AppleWebKit/537.36 (KHTML, like Gecko) Chrome/63.0.3239.132 Safari/537.36"
::ffff:127.0.0.1 - - [Sat, 03 Feb 2018 10:53:02 GMT] "POST /process?form=newsletter HTTP/1.1" 200 16 "https://127.0.0.1:3000/newsletter" "Mozilla/5.0 (Windows NT 10.0; Win64; x64) AppleWebKit/537.36 (KHTML, like Gecko) Chrome/63.0.3239.132 Safari/537.36"
::ffff:127.0.0.1 - - [Sat, 03 Feb 2018 10:53:54 GMT] "GET /newsletter HTTP/1.1" 500 493 "-" "Mozilla/5.0 (Windows NT 10.0; Win64; x64) AppleWebKit/537.36 (KHTML, like Gecko) Chrome/63.0.3239.132 Safari/537.36"
::ffff:127.0.0.1 - - [Sat, 03 Feb 2018 10:53:54 GMT] "GET /vendor/bootstrap/css/bootstrap.min.css HTTP/1.1" 500 493 "https://127.0.0.1:3000/newsletter" "Mozilla/5.0 (Windows NT 10.0; Win64; x64) AppleWebKit/537.36 (KHTML, like Gecko) Chrome/63.0.3239.132 Safari/537.36"
- - - [Sat, 03 Feb 2018 10:53:54 GMT] "GET /css/main.css HTTP/1.1" 500 493 "https://127.0.0.1:3000/newsletter" "Mozilla/5.0 (Windows NT 10.0; Win64; x64) AppleWebKit/537.36 (KHTML, like Gecko) Chrome/63.0.3239.132 Safari/537.36"
- - - [Sat, 03 Feb 2018 10:53:54 GMT] "GET /vendor/jquery.min.js HTTP/1.1" 500 493 "https://127.0.0.1:3000/newsletter" "Mozilla/5.0 (Windows NT 10.0; Win64; x64) AppleWebKit/537.36 (KHTML, like Gecko) Chrome/63.0.3239.132 Safari/537.36"
::ffff:127.0.0.1 - - [Sat, 03 Feb 2018 10:53:54 GMT] "GET /images/logo.png HTTP/1.1" 500 493 "https://127.0.0.1:3000/newsletter" "Mozilla/5.0 (Windows NT 10.0; Win64; x64) AppleWebKit/537.36 (KHTML, like Gecko) Chrome/63.0.3239.132 Safari/537.36"
- - - [Sat, 03 Feb 2018 10:53:54 GMT] "GET /vendor/bootstrap/js/bootstrap.min.js HTTP/1.1" 500 493 "https://127.0.0.1:3000/newsletter" "Mozilla/5.0 (Windows NT 10.0; Win64; x64) AppleWebKit/537.36 (KHTML, like Gecko) Chrome/63.0.3239.132 Safari/537.36"
::ffff:127.0.0.1 - - [Sat, 03 Feb 2018 10:53:54 GMT] "GET /favicon.ico HTTP/1.1" 500 493 "https://127.0.0.1:3000/newsletter" "Mozilla/5.0 (Windows NT 10.0; Win64; x64) AppleWebKit/537.36 (KHTML, like Gecko) Chrome/63.0.3239.132 Safari/537.36"
::ffff:127.0.0.1 - - [Sat, 03 Feb 2018 10:56:04 GMT] "GET /newsletter HTTP/1.1" 200 2210 "-" "Mozilla/5.0 (Windows NT 10.0; Win64; x64) AppleWebKit/537.36 (KHTML, like Gecko) Chrome/63.0.3239.132 Safari/537.36"
::ffff:127.0.0.1 - - [Sat, 03 Feb 2018 10:56:04 GMT] "GET /vendor/bootstrap/css/bootstrap.min.css HTTP/1.1" 200 121200 "https://127.0.0.1:3000/newsletter" "Mozilla/5.0 (Windows NT 10.0; Win64; x64) AppleWebKit/537.36 (KHTML, like Gecko) Chrome/63.0.3239.132 Safari/537.36"
::ffff:127.0.0.1 - - [Sat, 03 Feb 2018 10:56:04 GMT] "GET /css/main.css HTTP/1.1" 200 112 "https://127.0.0.1:3000/newsletter" "Mozilla/5.0 (Windows NT 10.0; Win64; x64) AppleWebKit/537.36 (KHTML, like Gecko) Chrome/63.0.3239.132 Safari/537.36"
::ffff:127.0.0.1 - - [Sat, 03 Feb 2018 10:56:04 GMT] "GET /vendor/jquery.min.js HTTP/1.1" 200 86659 "https://127.0.0.1:3000/newsletter" "Mozilla/5.0 (Windows NT 10.0; Win64; x64) AppleWebKit/537.36 (KHTML, like Gecko) Chrome/63.0.3239.132 Safari/537.36"
::ffff:127.0.0.1 - - [Sat, 03 Feb 2018 10:56:05 GMT] "GET /images/logo.png HTTP/1.1" 200 1587 "https://127.0.0.1:3000/newsletter" "Mozilla/5.0 (Windows NT 10.0; Win64; x64) AppleWebKit/537.36 (KHTML, like Gecko) Chrome/63.0.3239.132 Safari/537.36"
::ffff:127.0.0.1 - - [Sat, 03 Feb 2018 10:56:05 GMT] "GET /vendor/bootstrap/js/bootstrap.min.js HTTP/1.1" 200 37045 "https://127.0.0.1:3000/newsletter" "Mozilla/5.0 (Windows NT 10.0; Win64; x64) AppleWebKit/537.36 (KHTML, like Gecko) Chrome/63.0.3239.132 Safari/537.36"
::ffff:127.0.0.1 - - [Sat, 03 Feb 2018 10:56:05 GMT] "GET /favicon.ico HTTP/1.1" 400 490 "https://127.0.0.1:3000/newsletter" "Mozilla/5.0 (Windows NT 10.0; Win64; x64) AppleWebKit/537.36 (KHTML, like Gecko) Chrome/63.0.3239.132 Safari/537.36"
::ffff:127.0.0.1 - - [Sat, 03 Feb 2018 10:56:14 GMT] "POST /process?form=newsletter HTTP/1.1" 500 493 "https://127.0.0.1:3000/newsletter" "Mozilla/5.0 (Windows NT 10.0; Win64; x64) AppleWebKit/537.36 (KHTML, like Gecko) Chrome/63.0.3239.132 Safari/537.36"
::ffff:127.0.0.1 - - [Sat, 03 Feb 2018 10:59:04 GMT] "GET /newsletter HTTP/1.1" 200 2209 "-" "Mozilla/5.0 (Windows NT 10.0; Win64; x64) AppleWebKit/537.36 (KHTML, like Gecko) Chrome/63.0.3239.132 Safari/537.36"
::ffff:127.0.0.1 - - [Sat, 03 Feb 2018 10:59:04 GMT] "GET /vendor/bootstrap/css/bootstrap.min.css HTTP/1.1" 200 121200 "https://127.0.0.1:3000/newsletter" "Mozilla/5.0 (Windows NT 10.0; Win64; x64) AppleWebKit/537.36 (KHTML, like Gecko) Chrome/63.0.3239.132 Safari/537.36"
::ffff:127.0.0.1 - - [Sat, 03 Feb 2018 10:59:04 GMT] "GET /vendor/jquery.min.js HTTP/1.1" 304 - "https://127.0.0.1:3000/newsletter" "Mozilla/5.0 (Windows NT 10.0; Win64; x64) AppleWebKit/537.36 (KHTML, like Gecko) Chrome/63.0.3239.132 Safari/537.36"
::ffff:127.0.0.1 - - [Sat, 03 Feb 2018 10:59:04 GMT] "GET /css/main.css HTTP/1.1" 200 112 "https://127.0.0.1:3000/newsletter" "Mozilla/5.0 (Windows NT 10.0; Win64; x64) AppleWebKit/537.36 (KHTML, like Gecko) Chrome/63.0.3239.132 Safari/537.36"
::ffff:127.0.0.1 - - [Sat, 03 Feb 2018 10:59:04 GMT] "GET /vendor/bootstrap/js/bootstrap.min.js HTTP/1.1" 304 - "https://127.0.0.1:3000/newsletter" "Mozilla/5.0 (Windows NT 10.0; Win64; x64) AppleWebKit/537.36 (KHTML, like Gecko) Chrome/63.0.3239.132 Safari/537.36"
::ffff:127.0.0.1 - - [Sat, 03 Feb 2018 10:59:04 GMT] "GET /images/logo.png HTTP/1.1" 304 - "https://127.0.0.1:3000/newsletter" "Mozilla/5.0 (Windows NT 10.0; Win64; x64) AppleWebKit/537.36 (KHTML, like Gecko) Chrome/63.0.3239.132 Safari/537.36"
::ffff:127.0.0.1 - - [Sat, 03 Feb 2018 10:59:04 GMT] "GET /favicon.ico HTTP/1.1" 400 490 "https://127.0.0.1:3000/newsletter" "Mozilla/5.0 (Windows NT 10.0; Win64; x64) AppleWebKit/537.36 (KHTML, like Gecko) Chrome/63.0.3239.132 Safari/537.36"
::ffff:127.0.0.1 - - [Sat, 03 Feb 2018 10:59:13 GMT] "POST /process?form=newsletter HTTP/1.1" 500 493 "https://127.0.0.1:3000/newsletter" "Mozilla/5.0 (Windows NT 10.0; Win64; x64) AppleWebKit/537.36 (KHTML, like Gecko) Chrome/63.0.3239.132 Safari/537.36"
::ffff:127.0.0.1 - - [Sat, 03 Feb 2018 11:01:33 GMT] "GET /newsletter HTTP/1.1" 500 493 "-" "Mozilla/5.0 (Windows NT 10.0; Win64; x64) AppleWebKit/537.36 (KHTML, like Gecko) Chrome/63.0.3239.132 Safari/537.36"
::ffff:127.0.0.1 - - [Sat, 03 Feb 2018 11:01:33 GMT] "GET /vendor/bootstrap/css/bootstrap.min.css HTTP/1.1" 500 493 "https://127.0.0.1:3000/newsletter" "Mozilla/5.0 (Windows NT 10.0; Win64; x64) AppleWebKit/537.36 (KHTML, like Gecko) Chrome/63.0.3239.132 Safari/537.36"
- - - [Sat, 03 Feb 2018 11:01:33 GMT] "GET /vendor/jquery.min.js HTTP/1.1" 500 493 "https://127.0.0.1:3000/newsletter" "Mozilla/5.0 (Windows NT 10.0; Win64; x64) AppleWebKit/537.36 (KHTML, like Gecko) Chrome/63.0.3239.132 Safari/537.36"
- - - [Sat, 03 Feb 2018 11:01:33 GMT] "GET /css/main.css HTTP/1.1" 500 493 "https://127.0.0.1:3000/newsletter" "Mozilla/5.0 (Windows NT 10.0; Win64; x64) AppleWebKit/537.36 (KHTML, like Gecko) Chrome/63.0.3239.132 Safari/537.36"
::ffff:127.0.0.1 - - [Sat, 03 Feb 2018 11:01:33 GMT] "GET /images/logo.png HTTP/1.1" 500 493 "https://127.0.0.1:3000/newsletter" "Mozilla/5.0 (Windows NT 10.0; Win64; x64) AppleWebKit/537.36 (KHTML, like Gecko) Chrome/63.0.3239.132 Safari/537.36"
- - - [Sat, 03 Feb 2018 11:01:33 GMT] "GET /vendor/bootstrap/js/bootstrap.min.js HTTP/1.1" 500 493 "https://127.0.0.1:3000/newsletter" "Mozilla/5.0 (Windows NT 10.0; Win64; x64) AppleWebKit/537.36 (KHTML, like Gecko) Chrome/63.0.3239.132 Safari/537.36"
::ffff:127.0.0.1 - - [Sat, 03 Feb 2018 11:01:33 GMT] "GET /favicon.ico HTTP/1.1" 500 493 "https://127.0.0.1:3000/newsletter" "Mozilla/5.0 (Windows NT 10.0; Win64; x64) AppleWebKit/537.36 (KHTML, like Gecko) Chrome/63.0.3239.132 Safari/537.36"
::ffff:127.0.0.1 - - [Sat, 03 Feb 2018 11:05:08 GMT] "GET /newsletter HTTP/1.1" 200 2210 "-" "Mozilla/5.0 (Windows NT 10.0; Win64; x64) AppleWebKit/537.36 (KHTML, like Gecko) Chrome/63.0.3239.132 Safari/537.36"
::ffff:127.0.0.1 - - [Sat, 03 Feb 2018 11:05:08 GMT] "GET /vendor/bootstrap/css/bootstrap.min.css HTTP/1.1" 200 121200 "https://127.0.0.1:3000/newsletter" "Mozilla/5.0 (Windows NT 10.0; Win64; x64) AppleWebKit/537.36 (KHTML, like Gecko) Chrome/63.0.3239.132 Safari/537.36"
::ffff:127.0.0.1 - - [Sat, 03 Feb 2018 11:05:08 GMT] "GET /css/main.css HTTP/1.1" 200 112 "https://127.0.0.1:3000/newsletter" "Mozilla/5.0 (Windows NT 10.0; Win64; x64) AppleWebKit/537.36 (KHTML, like Gecko) Chrome/63.0.3239.132 Safari/537.36"
::ffff:127.0.0.1 - - [Sat, 03 Feb 2018 11:05:08 GMT] "GET /vendor/jquery.min.js HTTP/1.1" 200 86659 "https://127.0.0.1:3000/newsletter" "Mozilla/5.0 (Windows NT 10.0; Win64; x64) AppleWebKit/537.36 (KHTML, like Gecko) Chrome/63.0.3239.132 Safari/537.36"
::ffff:127.0.0.1 - - [Sat, 03 Feb 2018 11:05:08 GMT] "GET /vendor/bootstrap/js/bootstrap.min.js HTTP/1.1" 200 37045 "https://127.0.0.1:3000/newsletter" "Mozilla/5.0 (Windows NT 10.0; Win64; x64) AppleWebKit/537.36 (KHTML, like Gecko) Chrome/63.0.3239.132 Safari/537.36"
::ffff:127.0.0.1 - - [Sat, 03 Feb 2018 11:05:08 GMT] "GET /images/logo.png HTTP/1.1" 200 1587 "https://127.0.0.1:3000/newsletter" "Mozilla/5.0 (Windows NT 10.0; Win64; x64) AppleWebKit/537.36 (KHTML, like Gecko) Chrome/63.0.3239.132 Safari/537.36"
::ffff:127.0.0.1 - - [Sat, 03 Feb 2018 11:05:08 GMT] "GET /favicon.ico HTTP/1.1" 400 490 "https://127.0.0.1:3000/newsletter" "Mozilla/5.0 (Windows NT 10.0; Win64; x64) AppleWebKit/537.36 (KHTML, like Gecko) Chrome/63.0.3239.132 Safari/537.36"
::ffff:127.0.0.1 - - [Sat, 03 Feb 2018 11:05:18 GMT] "POST /process?form=newsletter HTTP/1.1" 500 493 "https://127.0.0.1:3000/newsletter" "Mozilla/5.0 (Windows NT 10.0; Win64; x64) AppleWebKit/537.36 (KHTML, like Gecko) Chrome/63.0.3239.132 Safari/537.36"
